# JRE version: OpenJDK Runtime Environment (11.0.8) (build 11.0.8+0-b944-P17168821)
# Java VM: OpenJDK 64-Bit Server VM (11.0.8+0-b944-6842174, mixed mode, tiered, compressed oops, g1 gc, linux-amd64)
Heap:
 garbage-first heap   total 868352K, used 221295K [0x0000000080000000, 0x0000000100000000)
  region size 1024K, 9 young (9216K), 9 survivors (9216K)
 Metaspace       used 99004K, capacity 101566K, committed 101836K, reserved 1136640K
  class space    used 12992K, capacity 13990K, committed 14028K, reserved 1048576K
GC Heap History (20 events):
Event: 83.977 GC heap after
{Heap after GC invocations=40 (full 0):
 garbage-first heap   total 159744K, used 142512K [0x0000000080000000, 0x0000000100000000)
  region size 1024K, 1 young (1024K), 1 survivors (1024K)
 Metaspace       used 98426K, capacity 101006K, committed 101324K, reserved 1136640K
  class space    used 12977K, capacity 13973K, committed 14028K, reserved 1048576K
}
Event: 84.087 GC heap before
{Heap before GC invocations=40 (full 0):
 garbage-first heap   total 159744K, used 148656K [0x0000000080000000, 0x0000000100000000)
  region size 1024K, 7 young (7168K), 1 survivors (1024K)
 Metaspace       used 98436K, capacity 101006K, committed 101324K, reserved 1136640K
  class space    used 12977K, capacity 13973K, committed 14028K, reserved 1048576K
}
Event: 84.107 GC heap after
{Heap after GC invocations=41 (full 0):
 garbage-first heap   total 159744K, used 146087K [0x0000000080000000, 0x0000000100000000)
  region size 1024K, 1 young (1024K), 1 survivors (1024K)
 Metaspace       used 98436K, capacity 101006K, committed 101324K, reserved 1136640K
  class space    used 12977K, capacity 13973K, committed 14028K, reserved 1048576K
}
Event: 84.174 GC heap before
{Heap before GC invocations=41 (full 0):
 garbage-first heap   total 159744K, used 152231K [0x0000000080000000, 0x0000000100000000)
  region size 1024K, 7 young (7168K), 1 survivors (1024K)
 Metaspace       used 98445K, capacity 101009K, committed 101324K, reserved 1136640K
  class space    used 12977K, capacity 13973K, committed 14028K, reserved 1048576K
}
Event: 84.190 GC heap after
{Heap after GC invocations=42 (full 0):
 garbage-first heap   total 210944K, used 150000K [0x0000000080000000, 0x0000000100000000)
  region size 1024K, 1 young (1024K), 1 survivors (1024K)
 Metaspace       used 98445K, capacity 101009K, committed 101324K, reserved 1136640K
  class space    used 12977K, capacity 13973K, committed 14028K, reserved 1048576K
}
Event: 84.419 GC heap before
{Heap before GC invocations=42 (full 0):
 garbage-first heap   total 210944K, used 164336K [0x0000000080000000, 0x0000000100000000)
  region size 1024K, 15 young (15360K), 1 survivors (1024K)
 Metaspace       used 98450K, capacity 101009K, committed 101324K, reserved 1136640K
  class space    used 12977K, capacity 13973K, committed 14028K, reserved 1048576K
}
Event: 84.445 GC heap after
{Heap after GC invocations=43 (full 0):
 garbage-first heap   total 210944K, used 158701K [0x0000000080000000, 0x0000000100000000)
  region size 1024K, 2 young (2048K), 2 survivors (2048K)
 Metaspace       used 98450K, capacity 101009K, committed 101324K, reserved 1136640K
  class space    used 12977K, capacity 13973K, committed 14028K, reserved 1048576K
}
Event: 84.643 GC heap before
{Heap before GC invocations=43 (full 0):
 garbage-first heap   total 210944K, used 172013K [0x0000000080000000, 0x0000000100000000)
  region size 1024K, 13 young (13312K), 2 survivors (2048K)
 Metaspace       used 98448K, capacity 101006K, committed 101324K, reserved 1136640K
  class space    used 12977K, capacity 13972K, committed 14028K, reserved 1048576K
}
Event: 84.679 GC heap after
{Heap after GC invocations=44 (full 0):
 garbage-first heap   total 210944K, used 167799K [0x0000000080000000, 0x0000000100000000)
  region size 1024K, 2 young (2048K), 2 survivors (2048K)
 Metaspace       used 98448K, capacity 101006K, committed 101324K, reserved 1136640K
  class space    used 12977K, capacity 13972K, committed 14028K, reserved 1048576K
}
Event: 84.805 GC heap before
{Heap before GC invocations=44 (full 0):
 garbage-first heap   total 210944K, used 175991K [0x0000000080000000, 0x0000000100000000)
  region size 1024K, 10 young (10240K), 2 survivors (2048K)
 Metaspace       used 98450K, capacity 101006K, committed 101324K, reserved 1136640K
  class space    used 12977K, capacity 13972K, committed 14028K, reserved 1048576K
}
Event: 84.836 GC heap after
{Heap after GC invocations=45 (full 0):
 garbage-first heap   total 210944K, used 173056K [0x0000000080000000, 0x0000000100000000)
  region size 1024K, 2 young (2048K), 2 survivors (2048K)
 Metaspace       used 98450K, capacity 101006K, committed 101324K, reserved 1136640K
  class space    used 12977K, capacity 13972K, committed 14028K, reserved 1048576K
}
Event: 84.958 GC heap before
{Heap before GC invocations=46 (full 0):
 garbage-first heap   total 210944K, used 181248K [0x0000000080000000, 0x0000000100000000)
  region size 1024K, 10 young (10240K), 2 survivors (2048K)
 Metaspace       used 98450K, capacity 101006K, committed 101324K, reserved 1136640K
  class space    used 12977K, capacity 13972K, committed 14028K, reserved 1048576K
}
Event: 84.989 GC heap after
{Heap after GC invocations=47 (full 0):
 garbage-first heap   total 421888K, used 178176K [0x0000000080000000, 0x0000000100000000)
  region size 1024K, 2 young (2048K), 2 survivors (2048K)
 Metaspace       used 98450K, capacity 101006K, committed 101324K, reserved 1136640K
  class space    used 12977K, capacity 13972K, committed 14028K, reserved 1048576K
}
Event: 86.281 GC heap before
{Heap before GC invocations=47 (full 0):
 garbage-first heap   total 421888K, used 246784K [0x0000000080000000, 0x0000000100000000)
  region size 1024K, 67 young (68608K), 2 survivors (2048K)
 Metaspace       used 98714K, capacity 101300K, committed 101580K, reserved 1136640K
  class space    used 12980K, capacity 13975K, committed 14028K, reserved 1048576K
}
Event: 86.399 GC heap after
{Heap after GC invocations=48 (full 0):
 garbage-first heap   total 421888K, used 197331K [0x0000000080000000, 0x0000000100000000)
  region size 1024K, 9 young (9216K), 9 survivors (9216K)
 Metaspace       used 98714K, capacity 101300K, committed 101580K, reserved 1136640K
  class space    used 12980K, capacity 13975K, committed 14028K, reserved 1048576K
}
Event: 86.487 GC heap before
{Heap before GC invocations=48 (full 0):
 garbage-first heap   total 421888K, used 200403K [0x0000000080000000, 0x0000000100000000)
  region size 1024K, 12 young (12288K), 9 survivors (9216K)
 Metaspace       used 98716K, capacity 101302K, committed 101580K, reserved 1136640K
  class space    used 12980K, capacity 13975K, committed 14028K, reserved 1048576K
}
Event: 86.526 GC heap after
{Heap after GC invocations=49 (full 0):
 garbage-first heap   total 421888K, used 200446K [0x0000000080000000, 0x0000000100000000)
  region size 1024K, 2 young (2048K), 2 survivors (2048K)
 Metaspace       used 98716K, capacity 101302K, committed 101580K, reserved 1136640K
  class space    used 12980K, capacity 13975K, committed 14028K, reserved 1048576K
}
Event: 87.932 GC heap before
{Heap before GC invocations=50 (full 0):
 garbage-first heap   total 421888K, used 222974K [0x0000000080000000, 0x0000000100000000)
  region size 1024K, 20 young (20480K), 2 survivors (2048K)
 Metaspace       used 98901K, capacity 101466K, committed 101580K, reserved 1136640K
  class space    used 12987K, capacity 13982K, committed 14028K, reserved 1048576K
}
Event: 87.955 GC heap after
{Heap after GC invocations=51 (full 0):
 garbage-first heap   total 421888K, used 207076K [0x0000000080000000, 0x0000000100000000)
  region size 1024K, 3 young (3072K), 3 survivors (3072K)
 Metaspace       used 98901K, capacity 101466K, committed 101580K, reserved 1136640K
  class space    used 12987K, capacity 13982K, committed 14028K, reserved 1048576K
}
Event: 88.881 GC heap before
{Heap before GC invocations=51 (full 0):
 garbage-first heap   total 421888K, used 280804K [0x0000000080000000, 0x0000000100000000)
  region size 1024K, 69 young (70656K), 3 survivors (3072K)
 Metaspace       used 99004K, capacity 101566K, committed 101836K, reserved 1136640K
  class space    used 12992K, capacity 13990K, committed 14028K, reserved 1048576K
}

