# JRE version: OpenJDK Runtime Environment (11.0.8) (build 11.0.8+0-b944-P17168821)
# Java VM: OpenJDK 64-Bit Server VM (11.0.8+0-b944-6842174, mixed mode, tiered, compressed oops, g1 gc, linux-amd64)
Heap:
 garbage-first heap   total 709632K, used 198352K [0x0000000080000000, 0x0000000100000000)
  region size 1024K, 4 young (4096K), 4 survivors (4096K)
 Metaspace       used 91839K, capacity 93921K, committed 94208K, reserved 1130496K
  class space    used 11981K, capacity 12770K, committed 12800K, reserved 1048576K
GC Heap History (20 events):
Event: 61.975 GC heap after
{Heap after GC invocations=55 (full 0):
 garbage-first heap   total 160768K, used 120335K [0x0000000080000000, 0x0000000100000000)
  region size 1024K, 2 young (2048K), 2 survivors (2048K)
 Metaspace       used 88355K, capacity 90293K, committed 90624K, reserved 1128448K
  class space    used 11533K, capacity 12247K, committed 12288K, reserved 1048576K
}
Event: 62.361 GC heap before
{Heap before GC invocations=56 (full 0):
 garbage-first heap   total 160768K, used 131599K [0x0000000080000000, 0x0000000100000000)
  region size 1024K, 13 young (13312K), 2 survivors (2048K)
 Metaspace       used 89152K, capacity 91108K, committed 91520K, reserved 1128448K
  class space    used 11631K, capacity 12323K, committed 12416K, reserved 1048576K
}
Event: 62.415 GC heap after
{Heap after GC invocations=57 (full 0):
 garbage-first heap   total 160768K, used 126896K [0x0000000080000000, 0x0000000100000000)
  region size 1024K, 2 young (2048K), 2 survivors (2048K)
 Metaspace       used 89152K, capacity 91108K, committed 91520K, reserved 1128448K
  class space    used 11631K, capacity 12323K, committed 12416K, reserved 1048576K
}
Event: 62.579 GC heap before
{Heap before GC invocations=57 (full 0):
 garbage-first heap   total 160768K, used 135088K [0x0000000080000000, 0x0000000100000000)
  region size 1024K, 10 young (10240K), 2 survivors (2048K)
 Metaspace       used 89196K, capacity 91113K, committed 91520K, reserved 1128448K
  class space    used 11631K, capacity 12323K, committed 12416K, reserved 1048576K
}
Event: 62.598 GC heap after
{Heap after GC invocations=58 (full 0):
 garbage-first heap   total 212992K, used 132370K [0x0000000080000000, 0x0000000100000000)
  region size 1024K, 2 young (2048K), 2 survivors (2048K)
 Metaspace       used 89196K, capacity 91113K, committed 91520K, reserved 1128448K
  class space    used 11631K, capacity 12323K, committed 12416K, reserved 1048576K
}
Event: 62.898 GC heap before
{Heap before GC invocations=58 (full 0):
 garbage-first heap   total 212992K, used 152850K [0x0000000080000000, 0x0000000100000000)
  region size 1024K, 23 young (23552K), 2 survivors (2048K)
 Metaspace       used 89226K, capacity 91178K, committed 91520K, reserved 1128448K
  class space    used 11631K, capacity 12323K, committed 12416K, reserved 1048576K
}
Event: 62.936 GC heap after
{Heap after GC invocations=59 (full 0):
 garbage-first heap   total 212992K, used 145351K [0x0000000080000000, 0x0000000100000000)
  region size 1024K, 3 young (3072K), 3 survivors (3072K)
 Metaspace       used 89226K, capacity 91178K, committed 91520K, reserved 1128448K
  class space    used 11631K, capacity 12323K, committed 12416K, reserved 1048576K
}
Event: 63.179 GC heap before
{Heap before GC invocations=59 (full 0):
 garbage-first heap   total 212992K, used 162759K [0x0000000080000000, 0x0000000100000000)
  region size 1024K, 20 young (20480K), 3 survivors (3072K)
 Metaspace       used 89221K, capacity 91156K, committed 91520K, reserved 1128448K
  class space    used 11625K, capacity 12313K, committed 12416K, reserved 1048576K
}
Event: 63.218 GC heap after
{Heap after GC invocations=60 (full 0):
 garbage-first heap   total 212992K, used 156104K [0x0000000080000000, 0x0000000100000000)
  region size 1024K, 3 young (3072K), 3 survivors (3072K)
 Metaspace       used 89221K, capacity 91156K, committed 91520K, reserved 1128448K
  class space    used 11625K, capacity 12313K, committed 12416K, reserved 1048576K
}
Event: 63.392 GC heap before
{Heap before GC invocations=60 (full 0):
 garbage-first heap   total 212992K, used 171464K [0x0000000080000000, 0x0000000100000000)
  region size 1024K, 16 young (16384K), 3 survivors (3072K)
 Metaspace       used 89221K, capacity 91156K, committed 91520K, reserved 1128448K
  class space    used 11625K, capacity 12313K, committed 12416K, reserved 1048576K
}
Event: 63.431 GC heap after
{Heap after GC invocations=61 (full 0):
 garbage-first heap   total 212992K, used 166839K [0x0000000080000000, 0x0000000100000000)
  region size 1024K, 2 young (2048K), 2 survivors (2048K)
 Metaspace       used 89221K, capacity 91156K, committed 91520K, reserved 1128448K
  class space    used 11625K, capacity 12313K, committed 12416K, reserved 1048576K
}
Event: 63.561 GC heap before
{Heap before GC invocations=62 (full 0):
 garbage-first heap   total 212992K, used 177079K [0x0000000080000000, 0x0000000100000000)
  region size 1024K, 12 young (12288K), 2 survivors (2048K)
 Metaspace       used 89221K, capacity 91156K, committed 91520K, reserved 1128448K
  class space    used 11625K, capacity 12313K, committed 12416K, reserved 1048576K
}
Event: 63.606 GC heap after
{Heap after GC invocations=63 (full 0):
 garbage-first heap   total 362496K, used 173941K [0x0000000080000000, 0x0000000100000000)
  region size 1024K, 2 young (2048K), 2 survivors (2048K)
 Metaspace       used 89221K, capacity 91156K, committed 91520K, reserved 1128448K
  class space    used 11625K, capacity 12313K, committed 12416K, reserved 1048576K
}
Event: 64.585 GC heap before
{Heap before GC invocations=63 (full 0):
 garbage-first heap   total 362496K, used 195445K [0x0000000080000000, 0x0000000100000000)
  region size 1024K, 24 young (24576K), 2 survivors (2048K)
 Metaspace       used 91100K, capacity 93168K, committed 93440K, reserved 1130496K
  class space    used 11914K, capacity 12677K, committed 12800K, reserved 1048576K
}
Event: 64.627 GC heap after
{Heap after GC invocations=64 (full 0):
 garbage-first heap   total 362496K, used 177745K [0x0000000080000000, 0x0000000100000000)
  region size 1024K, 6 young (6144K), 6 survivors (6144K)
 Metaspace       used 91100K, capacity 93168K, committed 93440K, reserved 1130496K
  class space    used 11914K, capacity 12677K, committed 12800K, reserved 1048576K
}
Event: 65.771 GC heap before
{Heap before GC invocations=65 (full 0):
 garbage-first heap   total 362496K, used 215633K [0x0000000080000000, 0x0000000100000000)
  region size 1024K, 53 young (54272K), 6 survivors (6144K)
 Metaspace       used 91615K, capacity 93710K, committed 93952K, reserved 1130496K
  class space    used 11967K, capacity 12770K, committed 12800K, reserved 1048576K
}
Event: 65.866 GC heap after
{Heap after GC invocations=66 (full 0):
 garbage-first heap   total 362496K, used 179368K [0x0000000080000000, 0x0000000100000000)
  region size 1024K, 7 young (7168K), 7 survivors (7168K)
 Metaspace       used 91615K, capacity 93710K, committed 93952K, reserved 1130496K
  class space    used 11967K, capacity 12770K, committed 12800K, reserved 1048576K
}
Event: 65.868 GC heap before
{Heap before GC invocations=66 (full 0):
 garbage-first heap   total 362496K, used 179368K [0x0000000080000000, 0x0000000100000000)
  region size 1024K, 8 young (8192K), 7 survivors (7168K)
 Metaspace       used 91615K, capacity 93710K, committed 93952K, reserved 1130496K
  class space    used 11967K, capacity 12770K, committed 12800K, reserved 1048576K
}
Event: 65.904 GC heap after
{Heap after GC invocations=67 (full 0):
 garbage-first heap   total 362496K, used 181084K [0x0000000080000000, 0x0000000100000000)
  region size 1024K, 1 young (1024K), 1 survivors (1024K)
 Metaspace       used 91615K, capacity 93710K, committed 93952K, reserved 1130496K
  class space    used 11967K, capacity 12770K, committed 12800K, reserved 1048576K
}
Event: 67.278 GC heap before
{Heap before GC invocations=68 (full 0):
 garbage-first heap   total 362496K, used 217948K [0x0000000080000000, 0x0000000100000000)
  region size 1024K, 24 young (24576K), 1 survivors (1024K)
 Metaspace       used 91839K, capacity 93921K, committed 94208K, reserved 1130496K
  class space    used 11981K, capacity 12770K, committed 12800K, reserved 1048576K
}

